0 info it worked if it ends with ok
1 verbose cli [ '/usr/local/bin/node', '/usr/local/bin/npm', 'start' ]
2 info using npm@3.10.10
3 info using node@v6.11.1
4 verbose run-script [ 'prestart', 'start', 'poststart' ]
5 info lifecycle moduleloader@1.0.0~prestart: moduleloader@1.0.0
6 silly lifecycle moduleloader@1.0.0~prestart: no script for prestart, continuing
7 info lifecycle moduleloader@1.0.0~start: moduleloader@1.0.0
8 verbose lifecycle moduleloader@1.0.0~start: unsafe-perm in lifecycle true
9 verbose lifecycle moduleloader@1.0.0~start: PATH: /usr/local/lib/node_modules/npm/bin/node-gyp-bin:/Users/rabby/PersonalProjects/ReactJS/React-Project1/node_modules/.bin:/Users/rabby/Workspace/UnleashTools/bin:/Users/rabby/Workspace/Touch_Tools/bin:/usr/local/bin:/Users/rabby/Developer/SDKs/android-sdk-macosx/tools:/Users/rabby/Developer/SDKs/android-sdk-macosx/platform-tools:/Users/rabby/Developer/lib/apache-ant-1.9.3/bin:/usr/local/apache-maven/apache-maven-3.3.9/bin:/Users/rabby/Perforce/c-abbyr/:./:/usr/local/lib/node_modules:/usr/local/bin:/usr/bin:/bin:/usr/sbin:/sbin
10 verbose lifecycle moduleloader@1.0.0~start: CWD: /Users/rabby/PersonalProjects/ReactJS/React-Project1
11 silly lifecycle moduleloader@1.0.0~start: Args: [ '-c', 'webpack-dev-server --open --inline ' ]
12 silly lifecycle moduleloader@1.0.0~start: Returned: code: 1  signal: null
13 info lifecycle moduleloader@1.0.0~start: Failed to exec start script
14 verbose stack Error: moduleloader@1.0.0 start: `webpack-dev-server --open --inline `
14 verbose stack Exit status 1
14 verbose stack     at EventEmitter.<anonymous> (/usr/local/lib/node_modules/npm/lib/utils/lifecycle.js:255:16)
14 verbose stack     at emitTwo (events.js:106:13)
14 verbose stack     at EventEmitter.emit (events.js:191:7)
14 verbose stack     at ChildProcess.<anonymous> (/usr/local/lib/node_modules/npm/lib/utils/spawn.js:40:14)
14 verbose stack     at emitTwo (events.js:106:13)
14 verbose stack     at ChildProcess.emit (events.js:191:7)
14 verbose stack     at maybeClose (internal/child_process.js:891:16)
14 verbose stack     at Process.ChildProcess._handle.onexit (internal/child_process.js:226:5)
15 verbose pkgid moduleloader@1.0.0
16 verbose cwd /Users/rabby/PersonalProjects/ReactJS/React-Project1
17 error Darwin 14.5.0
18 error argv "/usr/local/bin/node" "/usr/local/bin/npm" "start"
19 error node v6.11.1
20 error npm  v3.10.10
21 error code ELIFECYCLE
22 error moduleloader@1.0.0 start: `webpack-dev-server --open --inline `
22 error Exit status 1
23 error Failed at the moduleloader@1.0.0 start script 'webpack-dev-server --open --inline '.
23 error Make sure you have the latest version of node.js and npm installed.
23 error If you do, this is most likely a problem with the moduleloader package,
23 error not with npm itself.
23 error Tell the author that this fails on your system:
23 error     webpack-dev-server --open --inline
23 error You can get information on how to open an issue for this project with:
23 error     npm bugs moduleloader
23 error Or if that isn't available, you can get their info via:
23 error     npm owner ls moduleloader
23 error There is likely additional logging output above.
24 verbose exit [ 1, true ]
